<?xml version="1.0" encoding="utf-8"?><testsuites><testsuite name="pytest" errors="0" failures="0" skipped="0" tests="31" time="0.403" timestamp="2026-09-03T20:02:10.708586+08:00" hostname="KGdeMacBook-Pro.local"><testcase classname="testcase.api.test_views" name="test_healthz" time="0.218" /><testcase classname="testcase.api.test_views" name="test_pages_render" time="0.027" /><testcase classname="testcase.api.test_views" name="test_docs_api" time="0.027" /><testcase classname="testcase.api.test_views" name="test_source_crud_masks_password" time="0.006" /><testcase classname="testcase.api.test_views" name="test_lineage_parse_api" time="0.006" /><testcase classname="testcase.api.test_views" name="test_reconcile_task_validation" time="0.001" /><testcase classname="testcase.api.test_views" name="test_scheduler_job_validation" time="0.039" /><testcase classname="testcase.api.test_views" name="test_ai_assist_api_uses_mock" time="0.001" /><testcase classname="testcase.api.test_views" name="test_scripts_list_contains_managed_scripts" time="0.002" /><testcase classname="testcase.common.test_models" name="test_source_password_encrypted_at_rest" time="0.001" /><testcase classname="testcase.common.test_models" name="test_source_update_password_roundtrip" time="0.001" /><testcase classname="testcase.common.test_models" name="test_reconcile_task_create_without_tables_blocked_by_view" time="0.001" /><testcase classname="testcase.frontend.test_pages_snapshot" name="test_page_snapshots" time="0.007" /><testcase classname="testcase.services.test_lineage" name="test_save_lineage_roundtrip" time="0.002" /><testcase classname="testcase.common.test_models" name="test_type_choices_cover_odps" time="0.000" /><testcase classname="testcase.common.test_models" name="test_scheduler_cron_fields" time="0.000" /><testcase classname="testcase.services.test_etl_tools" name="test_date_window_is_24h" time="0.001" /><testcase classname="testcase.services.test_etl_tools" name="test_parse_debezium_update" time="0.001" /><testcase classname="testcase.services.test_etl_tools" name="test_parse_debezium_delete_with_key" time="0.001" /><testcase classname="testcase.services.test_lineage" name="test_parse_insert_select_and_ctas" time="0.001" /><testcase classname="testcase.services.test_lineage" name="test_parse_ignores_plain_select" time="0.000" /><testcase classname="testcase.services.test_schema_sync" name="test_map_mysql_type_to_doris" time="0.000" /><testcase classname="testcase.services.test_schema_sync" name="test_column_ddl_default_and_comment" time="0.000" /><testcase classname="testcase.services.test_schema_sync" name="test_diff_columns_detects_length_and_nullable" time="0.000" /><testcase classname="testcase.services.test_schema_sync" name="test_build_create_and_alter_statements" time="0.000" /><testcase classname="testcase.services.test_schema_sync" name="test_normalize_type" time="0.000" /><testcase classname="testcase.tools.test_scheduler_scripts" name="test_etl_command_auto_fills_yesterday" time="0.000" /><testcase classname="testcase.tools.test_scheduler_scripts" name="test_etl_command_keeps_custom_date" time="0.000" /><testcase classname="testcase.tools.test_scheduler_scripts" name="test_script_path_rejects_traversal" time="0.001" /><testcase classname="testcase.tools.test_scheduler_scripts" name="test_script_path_accepts_managed_python" time="0.000" /><testcase classname="testcase.tools.test_scheduler_scripts" name="test_scripts_allowed_dirs_cover_managed" time="0.001" /></testsuite></testsuites>